2024-10-24T09:18:54.141Z [info]: Port opened successfully
2024-10-24T09:18:59.256Z [info]: Processed line: NG
2024-10-24T09:19:00.272Z [info]: Processing data from queue: NG
2024-10-24T09:19:07.392Z [info]: Processed line: NG
2024-10-24T09:19:08.398Z [info]: Processing data from queue: NG
2024-10-24T09:19:16.694Z [info]: Processed line: NG
2024-10-24T09:19:17.710Z [info]: Processing data from queue: NG
2024-10-24T09:19:24.831Z [info]: Processed line: NG
2024-10-24T09:19:25.843Z [info]: Processing data from queue: NG
2024-10-24T10:28:10.874Z [info]: Port opened successfully
2024-10-24T10:28:13.727Z [info]: Processed line: NG
2024-10-24T10:28:14.743Z [info]: Processing data from queue: NG
2024-10-24T10:28:20.288Z [info]: Processed line: 221024A0006
2024-10-24T10:28:21.304Z [info]: Processing data from queue: 221024A0006
2024-10-24T10:29:40.434Z [info]: Port opened successfully
2024-10-24T10:31:40.177Z [info]: Port opened successfully
2024-10-24T10:32:46.849Z [info]: Port opened successfully
2024-10-24T10:32:55.058Z [info]: Port opened successfully
2024-10-24T10:34:54.553Z [info]: Processed line: 221024A0006
2024-10-24T10:34:55.560Z [info]: Processing data from queue: 221024A0006
2024-10-24T10:35:01.058Z [info]: Processed line: 221024A0006
2024-10-24T10:35:02.065Z [info]: Processing data from queue: 221024A0006
2024-10-24T10:35:10.610Z [info]: Processed line: 221024A0006
2024-10-24T10:35:11.611Z [info]: Processing data from queue: 221024A0006
2024-10-24T10:35:17.230Z [info]: Processed line: 221024A0006
2024-10-24T10:35:18.245Z [info]: Processing data from queue: 221024A0006
2024-10-24T10:35:41.847Z [info]: Processed line: NG
2024-10-24T10:35:42.864Z [info]: Processing data from queue: NG
2024-10-24T10:35:48.672Z [info]: Processed line: 221024A0006
2024-10-24T10:35:49.689Z [info]: Processing data from queue: 221024A0006
2024-10-24T10:37:43.220Z [info]: Processed line: 221024A0006
2024-10-24T10:37:44.236Z [info]: Processing data from queue: 221024A0006
2024-10-24T10:37:50.812Z [info]: Processed line: 87397600804101298240033
2024-10-24T10:37:51.827Z [info]: Processing data from queue: 87397600804101298240033
2024-10-24T10:37:57.038Z [info]: Processed line: 87397600804101298240033
2024-10-24T10:37:58.048Z [info]: Processing data from queue: 87397600804101298240033
2024-10-24T10:38:04.259Z [info]: Processed line: 87397600804101298240034
2024-10-24T10:38:05.270Z [info]: Processing data from queue: 87397600804101298240034
2024-10-24T10:38:44.020Z [info]: Processed line: 87397600804101298240034
2024-10-24T10:38:45.029Z [info]: Processing data from queue: 87397600804101298240034
2024-10-24T10:38:51.747Z [info]: Processed line: 87397600804101298240035
2024-10-24T10:38:52.761Z [info]: Processing data from queue: 87397600804101298240035
2024-10-24T10:39:01.820Z [info]: Processed line: NG
2024-10-24T10:39:02.831Z [info]: Processing data from queue: NG
2024-10-24T10:39:13.073Z [info]: Processed line: NG
2024-10-24T10:39:14.083Z [info]: Processing data from queue: NG
2024-10-24T10:39:43.231Z [info]: Processed line: NG
2024-10-24T10:39:44.247Z [info]: Processing data from queue: NG
2024-10-24T10:39:50.731Z [info]: Processed line: 87397600804101298240037
2024-10-24T10:39:51.742Z [info]: Processing data from queue: 87397600804101298240037
2024-10-24T10:40:21.190Z [info]: Processed line: 87397600804101298240037
2024-10-24T10:40:22.197Z [info]: Processing data from queue: 87397600804101298240037
2024-10-24T10:40:31.666Z [info]: Processed line: NG
2024-10-24T10:40:32.681Z [info]: Processing data from queue: NG
2024-10-24T10:42:45.468Z [info]: Port opened successfully
2024-10-24T10:43:19.824Z [info]: Processed line: NG
2024-10-24T10:43:20.838Z [info]: Processing data from queue: NG
2024-10-24T10:43:27.299Z [info]: Processed line: 87397600804101298240039
2024-10-24T10:43:28.307Z [info]: Processing data from queue: 87397600804101298240039
2024-10-24T10:43:34.279Z [info]: Processed line: NG
2024-10-24T10:43:35.296Z [info]: Processing data from queue: NG
2024-10-24T10:43:41.870Z [info]: Processed line: 87397600804101298240040
2024-10-24T10:43:42.875Z [info]: Processing data from queue: 87397600804101298240040
2024-10-24T10:44:06.414Z [info]: Processed line: 87397600804101298240040
2024-10-24T10:44:07.423Z [info]: Processing data from queue: 87397600804101298240040
2024-10-24T10:44:19.812Z [info]: Processed line: 87397600804101298240040
2024-10-24T10:44:20.814Z [info]: Processing data from queue: 87397600804101298240040
2024-10-24T10:44:30.247Z [info]: Processed line: 87397600804101298240040
2024-10-24T10:44:31.252Z [info]: Processing data from queue: 87397600804101298240040
2024-10-24T10:44:40.682Z [info]: Processed line: 87397600804101298240040
2024-10-24T10:44:41.690Z [info]: Processing data from queue: 87397600804101298240040
2024-10-24T10:44:51.105Z [info]: Processed line: 87397600804101298240040
2024-10-24T10:44:52.118Z [info]: Processing data from queue: 87397600804101298240040
2024-10-24T10:45:01.743Z [info]: Processed line: 87397600804101298240040
2024-10-24T10:45:02.749Z [info]: Processing data from queue: 87397600804101298240040
2024-10-24T10:45:26.315Z [info]: Port opened successfully
2024-10-24T10:45:37.556Z [info]: Processed line: 87397600804101298240040
2024-10-24T10:45:38.558Z [info]: Processing data from queue: 87397600804101298240040
2024-10-24T10:45:47.981Z [info]: Processed line: 87397600804101298240040
2024-10-24T10:45:48.989Z [info]: Processing data from queue: 87397600804101298240040
2024-10-24T10:45:58.420Z [info]: Processed line: 87397600804101298240040
2024-10-24T10:45:59.435Z [info]: Processing data from queue: 87397600804101298240040
2024-10-24T10:46:08.853Z [info]: Processed line: 87397600804101298240040
2024-10-24T10:46:09.858Z [info]: Processing data from queue: 87397600804101298240040
2024-10-24T10:46:19.482Z [info]: Processed line: 87397600804101298240040
2024-10-24T10:46:20.496Z [info]: Processing data from queue: 87397600804101298240040
2024-10-24T10:46:29.913Z [info]: Processed line: 87397600804101298240040
2024-10-24T10:46:30.921Z [info]: Processing data from queue: 87397600804101298240040
2024-10-24T10:46:40.362Z [info]: Processed line: 87397600804101298240040
2024-10-24T10:46:41.374Z [info]: Processing data from queue: 87397600804101298240040
2024-10-24T10:46:50.805Z [info]: Processed line: 87397600804101298240040
2024-10-24T10:46:51.813Z [info]: Processing data from queue: 87397600804101298240040
2024-10-24T10:47:01.230Z [info]: Processed line: 87397600804101298240040
2024-10-24T10:47:02.239Z [info]: Processing data from queue: 87397600804101298240040
2024-10-24T10:47:11.641Z [info]: Processed line: 87397600804101298240040
2024-10-24T10:47:12.656Z [info]: Processing data from queue: 87397600804101298240040
2024-10-24T10:47:27.956Z [info]: Port opened successfully
2024-10-24T10:47:28.149Z [info]: Processed line: 87397600804101298240040
2024-10-24T10:47:29.157Z [info]: Processing data from queue: 87397600804101298240040
2024-10-24T10:47:38.597Z [info]: Processed line: 87397600804101298240040
2024-10-24T10:47:39.605Z [info]: Processing data from queue: 87397600804101298240040
2024-10-24T10:47:49.046Z [info]: Processed line: 87397600804101298240040
2024-10-24T10:47:50.061Z [info]: Processing data from queue: 87397600804101298240040
2024-10-24T10:47:59.457Z [info]: Processed line: 87397600804101298240040
2024-10-24T10:48:00.462Z [info]: Processing data from queue: 87397600804101298240040
2024-10-24T10:48:09.910Z [info]: Processed line: 87397600804101298240040
2024-10-24T10:48:10.911Z [info]: Processing data from queue: 87397600804101298240040
2024-10-24T10:48:20.352Z [info]: Processed line: 87397600804101298240040
2024-10-24T10:48:21.364Z [info]: Processing data from queue: 87397600804101298240040
2024-10-24T10:48:30.816Z [info]: Processed line: 87397600804101298240040
2024-10-24T10:48:31.824Z [info]: Processing data from queue: 87397600804101298240040
2024-10-24T10:48:41.257Z [info]: Processed line: 87397600804101298240040
2024-10-24T10:48:42.258Z [info]: Processing data from queue: 87397600804101298240040
2024-10-24T10:48:53.146Z [info]: Port opened successfully
2024-10-24T10:48:53.334Z [info]: Processed line: 87397600804101298240040
2024-10-24T10:48:54.349Z [info]: Processing data from queue: 87397600804101298240040
2024-10-24T10:49:33.869Z [info]: Port opened successfully
2024-10-24T10:49:34.062Z [info]: Processed line: 87397600804101298240040
